<?xml version="1.0" encoding="UTF-8"?>
<!-- Generated by org.testng.reporters.JUnitReportReporter -->
<testsuite skipped="0" hostname="aatish-PC" name="com.pearsonteach.web.testscripts.Test_001" tests="1" failures="0" timestamp="2020-05-29T05:58:14 PDT" time="80.660" errors="0">
  <testcase name="testEmailshouldbeshown" time="80.660" classname="com.pearsonteach.web.testscripts.Test_001"/>
  <system-out/>
</testsuite> <!-- com.pearsonteach.web.testscripts.Test_001 -->
